<?xml version="1.0" encoding="UTF-8"?>
<!-- Generated by org.testng.reporters.JUnitXMLReporter -->
<testsuite hostname="LITU" name="ChromeTest" tests="5" failures="0" timestamp="17 Mar 2019 17:57:17 GMT" time="96.033" errors="0">
  <testcase name="Login_Verify" time="12.365" classname="com.pagelibrary.ranford.TestExecution"/>
  <testcase name="Roles_Verify" time="2.767" classname="com.pagelibrary.ranford.TestExecution"/>
  <testcase name="verifyroleswrite" time="12.895" classname="com.pagelibrary.ranford.TestExecution"/>
  <testcase name="Employee_Verify" time="2.277" classname="com.pagelibrary.ranford.TestExecution"/>
  <testcase name="verifyemployeewrite" time="18.886" classname="com.pagelibrary.ranford.TestExecution"/>
</testsuite> <!-- ChromeTest -->
