<?xml version="1.0" encoding="UTF-8"?>
<!-- Generated by org.testng.reporters.JUnitXMLReporter -->
<testsuite hostname="LITU" name="FirefoxTest" tests="3" failures="0" timestamp="17 Mar 2019 17:55:41 GMT" time="98.86" errors="0">
  <testcase name="Login_Verify" time="6.078" classname="com.pagelibrary.ranford.TestExecution"/>
  <testcase name="Branches_Verify" time="0.204" classname="com.pagelibrary.ranford.TestExecution"/>
  <testcase name="verifybranchwrite" time="24.04" classname="com.pagelibrary.ranford.TestExecution"/>
</testsuite> <!-- FirefoxTest -->
