<?xml version="1.0" encoding="UTF-8"?>
<!-- Generated by org.testng.reporters.JUnitXMLReporter -->
<testsuite hostname="LITU" name="Test" tests="9" failures="0" timestamp="9 Apr 2018 09:31:03 GMT" time="62.423" errors="0">
  <testcase name="Login_Verify" time="1.558" classname="com.pagelibrary.ranford.TestExecution"/>
  <testcase name="Branches_Verify" time="0.251" classname="com.pagelibrary.ranford.TestExecution"/>
  <testcase name="verifybranchwrite" time="15.023" classname="com.pagelibrary.ranford.TestExecution"/>
  <testcase name="Roles_Verify" time="0.24" classname="com.pagelibrary.ranford.TestExecution"/>
  <testcase name="verifyroleswrite" time="6.313" classname="com.pagelibrary.ranford.TestExecution"/>
  <testcase name="Employee_Verify" time="0.246" classname="com.pagelibrary.ranford.TestExecution"/>
  <testcase name="verifyemployeewrite" time="8.75" classname="com.pagelibrary.ranford.TestExecution"/>
  <testcase name="WebTableBranch_verify" time="18.417" classname="com.pagelibrary.ranford.TestExecution"/>
  <testcase name="WebTableRole_verify" time="1.368" classname="com.pagelibrary.ranford.TestExecution"/>
</testsuite> <!-- Test -->
